<?xml version="1.0" encoding="UTF-8"?>
<!-- Generated by org.testng.reporters.JUnitReportReporter -->
<testsuite skipped="0" hostname="DESKTOP-LDGJ66B" name="PurchaseItem.Flipkart.OrderAnItem" tests="1" failures="0" timestamp="23 May 2019 07:56:21 GMT" time="55.867" errors="0">
  <testcase name="addAnItemToCart" time="55.867" classname="PurchaseItem.Flipkart.OrderAnItem"/>
</testsuite> <!-- PurchaseItem.Flipkart.OrderAnItem -->
