<?xml version="1.0" encoding="UTF-8"?>
<!-- Generated by org.testng.reporters.JUnitReportReporter -->
<testsuite skipped="0" hostname="DESKTOP-LDGJ66B" name="com.flipkart.login.OrderAnItem" tests="1" failures="0" timestamp="23 May 2019 08:00:23 GMT" time="62.055" errors="0">
  <testcase name="addAnItemToCart" time="62.055" classname="com.flipkart.login.OrderAnItem"/>
</testsuite> <!-- com.flipkart.login.OrderAnItem -->
